2025-11-19 15:00:27.199 WARNING (MainThread) [homeassistant.components.rest.data] REST request to https://query1.finance.yahoo.com/v8/finance/chart/AAPL returned status 403 with text/html response: <!DOCTYPE html>
<html lang="zh">
<head>
    <meta charset="utf-8">
    <title>Yahoo</title>
    <meta name="viewport" content="width=device-width,initial-scale=1,minimal-ui">
    <meta http-equiv="X-UA-Compatible" content="IE=edge,chrome=1">
    <style>
html {
  height: 100%;
}
body {
  background: #fafafc url(https://s.yimg.com/nn/img/sad-panda-201402200631.png) 50% 50%;
  background-size: cover;
  height: 100%;
  text-align: center;
  font: 300 16px "helvetica neue", helvetica, verdana, tahoma...
2025-11-19 15:00:27.200 ERROR (MainThread) [homeassistant.helpers.template] Template variable error: 'value_json' is undefined when rendering '{{ value_json.chart.result[0].meta.regularMarketPrice }}'
2025-11-19 15:00:27.377 ERROR (MainThread) [homeassistant.setup] The 'feedreader' integration does not support YAML setup, please remove it from your configuration
2025-11-19 15:05:27.470 WARNING (MainThread) [homeassistant.components.rest.data] REST request to https://query1.finance.yahoo.com/v8/finance/chart/AAPL returned status 403 with text/html response: <!DOCTYPE html>
<html lang="zh">
<head>
    <meta charset="utf-8">
    <title>Yahoo</title>
    <meta name="viewport" content="width=device-width,initial-scale=1,minimal-ui">
    <meta http-equiv="X-UA-Compatible" content="IE=edge,chrome=1">
    <style>
html {
  height: 100%;
}
body {
  background: #fafafc url(https://s.yimg.com/nn/img/sad-panda-201402200631.png) 50% 50%;
  background-size: cover;
  height: 100%;
  text-align: center;
  font: 300 16px "helvetica neue", helvetica, verdana, tahoma...
2025-11-19 15:05:27.470 ERROR (MainThread) [homeassistant.helpers.template] Template variable error: 'value_json' is undefined when rendering '{{ value_json.chart.result[0].meta.regularMarketPrice }}'
2025-11-19 15:10:27.592 WARNING (MainThread) [homeassistant.components.rest.data] REST request to https://query1.finance.yahoo.com/v8/finance/chart/AAPL returned status 403 with text/html response: <!DOCTYPE html>
<html lang="zh">
<head>
    <meta charset="utf-8">
    <title>Yahoo</title>
    <meta name="viewport" content="width=device-width,initial-scale=1,minimal-ui">
    <meta http-equiv="X-UA-Compatible" content="IE=edge,chrome=1">
    <style>
html {
  height: 100%;
}
body {
  background: #fafafc url(https://s.yimg.com/nn/img/sad-panda-201402200631.png) 50% 50%;
  background-size: cover;
  height: 100%;
  text-align: center;
  font: 300 16px "helvetica neue", helvetica, verdana, tahoma...
2025-11-19 15:10:27.592 ERROR (MainThread) [homeassistant.helpers.template] Template variable error: 'value_json' is undefined when rendering '{{ value_json.chart.result[0].meta.regularMarketPrice }}'
2025-11-19 15:11:56.071 ERROR (MainThread) [aiohttp.server] Error handling request from ::1
2025-11-19 15:14:20.049 ERROR (MainThread) [stookwijzer.stookwijzerapi] Timeout getting Stookwijzer data
2025-11-19 15:14:20.049 ERROR (MainThread) [stookwijzer.stookwijzerapi] Property advies_0 not available
2025-11-19 15:14:36.049 ERROR (MainThread) [stookwijzer.stookwijzerapi] Timeout getting Stookwijzer data
2025-11-19 15:14:36.049 ERROR (MainThread) [stookwijzer.stookwijzerapi] Property advies_0 not available
2025-11-19 15:14:49.727 ERROR (MainThread) [frontend.js.modern.202511050] Uncaught error from Chrome 142.0.0.0 on Linux
TypeError: Cannot read properties of undefined (reading 'domain')
_keyFunction (src/panels/config/integrations/dialog-add-integration.ts:482:16)
keyFunction (node_modules/@lit-labs/virtualizer/src/virtualize.ts:116:41)
r (node_modules/lit-html/src/directives/repeat.ts:56:28)
dt (node_modules/lit-html/src/directives/repeat.ts:93:52)
update (node_modules/lit-html/src/directive.ts:135:16)
_$AS (node_modules/lit-html/src/lit-html.ts:1174:23)
S (node_modules/lit-html/src/lit-html.ts:1452:12)
_$AI (node_modules/lit-html/src/async-directive.ts:366:18)
setValue (node_modules/@lit-labs/virtualizer/src/virtualize.ts:139:13)
dispatchEvent (node_modules/@lit-labs/virtualizer/src/Virtualizer.ts:816:23)
2025-11-19 15:14:57.049 ERROR (MainThread) [stookwijzer.stookwijzerapi] Timeout getting Stookwijzer data
2025-11-19 15:14:57.049 ERROR (MainThread) [stookwijzer.stookwijzerapi] Property advies_0 not available
2025-11-19 15:15:27.458 WARNING (MainThread) [homeassistant.components.rest.data] REST request to https://query1.finance.yahoo.com/v8/finance/chart/AAPL returned status 403 with text/html response: <!DOCTYPE html>
<html lang="zh">
<head>
    <meta charset="utf-8">
    <title>Yahoo</title>
    <meta name="viewport" content="width=device-width,initial-scale=1,minimal-ui">
    <meta http-equiv="X-UA-Compatible" content="IE=edge,chrome=1">
    <style>
html {
  height: 100%;
}
body {
  background: #fafafc url(https://s.yimg.com/nn/img/sad-panda-201402200631.png) 50% 50%;
  background-size: cover;
  height: 100%;
  text-align: center;
  font: 300 16px "helvetica neue", helvetica, verdana, tahoma...
2025-11-19 15:15:27.458 ERROR (MainThread) [homeassistant.helpers.template] Template variable error: 'value_json' is undefined when rendering '{{ value_json.chart.result[0].meta.regularMarketPrice }}'
2025-11-19 15:15:28.049 ERROR (MainThread) [stookwijzer.stookwijzerapi] Timeout getting Stookwijzer data
2025-11-19 15:15:28.049 ERROR (MainThread) [stookwijzer.stookwijzerapi] Property advies_0 not available
2025-11-19 15:16:19.049 ERROR (MainThread) [stookwijzer.stookwijzerapi] Timeout getting Stookwijzer data
2025-11-19 15:16:19.049 ERROR (MainThread) [stookwijzer.stookwijzerapi] Property advies_0 not available
2025-11-19 15:17:50.049 ERROR (MainThread) [stookwijzer.stookwijzerapi] Timeout getting Stookwijzer data
2025-11-19 15:17:50.050 ERROR (MainThread) [stookwijzer.stookwijzerapi] Property advies_0 not available
2025-11-19 15:19:21.049 ERROR (MainThread) [stookwijzer.stookwijzerapi] Timeout getting Stookwijzer data
2025-11-19 15:19:21.049 ERROR (MainThread) [stookwijzer.stookwijzerapi] Property advies_0 not available
2025-11-19 15:20:27.486 WARNING (MainThread) [homeassistant.components.rest.data] REST request to https://query1.finance.yahoo.com/v8/finance/chart/AAPL returned status 403 with text/html response: <!DOCTYPE html>
<html lang="zh">
<head>
    <meta charset="utf-8">
    <title>Yahoo</title>
    <meta name="viewport" content="width=device-width,initial-scale=1,minimal-ui">
    <meta http-equiv="X-UA-Compatible" content="IE=edge,chrome=1">
    <style>
html {
  height: 100%;
}
body {
  background: #fafafc url(https://s.yimg.com/nn/img/sad-panda-201402200631.png) 50% 50%;
  background-size: cover;
  height: 100%;
  text-align: center;
  font: 300 16px "helvetica neue", helvetica, verdana, tahoma...
2025-11-19 15:20:27.487 ERROR (MainThread) [homeassistant.helpers.template] Template variable error: 'value_json' is undefined when rendering '{{ value_json.chart.result[0].meta.regularMarketPrice }}'
2025-11-19 15:20:52.050 ERROR (MainThread) [stookwijzer.stookwijzerapi] Timeout getting Stookwijzer data
2025-11-19 15:20:52.050 ERROR (MainThread) [stookwijzer.stookwijzerapi] Property advies_0 not available
2025-11-19 15:22:23.049 ERROR (MainThread) [stookwijzer.stookwijzerapi] Timeout getting Stookwijzer data
2025-11-19 15:22:23.049 ERROR (MainThread) [stookwijzer.stookwijzerapi] Property advies_0 not available
2025-11-19 15:23:54.049 ERROR (MainThread) [stookwijzer.stookwijzerapi] Timeout getting Stookwijzer data
2025-11-19 15:23:54.049 ERROR (MainThread) [stookwijzer.stookwijzerapi] Property advies_0 not available
2025-11-19 15:25:25.049 ERROR (MainThread) [stookwijzer.stookwijzerapi] Timeout getting Stookwijzer data
2025-11-19 15:25:25.050 ERROR (MainThread) [stookwijzer.stookwijzerapi] Property advies_0 not available
2025-11-19 15:25:27.656 WARNING (MainThread) [homeassistant.components.rest.data] REST request to https://query1.finance.yahoo.com/v8/finance/chart/AAPL returned status 403 with text/html response: <!DOCTYPE html>
<html lang="zh">
<head>
    <meta charset="utf-8">
    <title>Yahoo</title>
    <meta name="viewport" content="width=device-width,initial-scale=1,minimal-ui">
    <meta http-equiv="X-UA-Compatible" content="IE=edge,chrome=1">
    <style>
html {
  height: 100%;
}
body {
  background: #fafafc url(https://s.yimg.com/nn/img/sad-panda-201402200631.png) 50% 50%;
  background-size: cover;
  height: 100%;
  text-align: center;
  font: 300 16px "helvetica neue", helvetica, verdana, tahoma...
2025-11-19 15:25:27.656 ERROR (MainThread) [homeassistant.helpers.template] Template variable error: 'value_json' is undefined when rendering '{{ value_json.chart.result[0].meta.regularMarketPrice }}'
2025-11-19 15:26:56.049 ERROR (MainThread) [stookwijzer.stookwijzerapi] Timeout getting Stookwijzer data
2025-11-19 15:26:56.049 ERROR (MainThread) [stookwijzer.stookwijzerapi] Property advies_0 not available
2025-11-19 15:28:27.049 ERROR (MainThread) [stookwijzer.stookwijzerapi] Timeout getting Stookwijzer data
2025-11-19 15:28:27.049 ERROR (MainThread) [stookwijzer.stookwijzerapi] Property advies_0 not available
2025-11-19 15:29:58.049 ERROR (MainThread) [stookwijzer.stookwijzerapi] Timeout getting Stookwijzer data
2025-11-19 15:29:58.049 ERROR (MainThread) [stookwijzer.stookwijzerapi] Property advies_0 not available
2025-11-19 15:30:27.563 WARNING (MainThread) [homeassistant.components.rest.data] REST request to https://query1.finance.yahoo.com/v8/finance/chart/AAPL returned status 403 with text/html response: <!DOCTYPE html>
<html lang="zh">
<head>
    <meta charset="utf-8">
    <title>Yahoo</title>
    <meta name="viewport" content="width=device-width,initial-scale=1,minimal-ui">
    <meta http-equiv="X-UA-Compatible" content="IE=edge,chrome=1">
    <style>
html {
  height: 100%;
}
body {
  background: #fafafc url(https://s.yimg.com/nn/img/sad-panda-201402200631.png) 50% 50%;
  background-size: cover;
  height: 100%;
  text-align: center;
  font: 300 16px "helvetica neue", helvetica, verdana, tahoma...
2025-11-19 15:30:27.563 ERROR (MainThread) [homeassistant.helpers.template] Template variable error: 'value_json' is undefined when rendering '{{ value_json.chart.result[0].meta.regularMarketPrice }}'
2025-11-19 15:31:29.050 ERROR (MainThread) [stookwijzer.stookwijzerapi] Timeout getting Stookwijzer data
2025-11-19 15:31:29.050 ERROR (MainThread) [stookwijzer.stookwijzerapi] Property advies_0 not available
2025-11-19 15:33:00.050 ERROR (MainThread) [stookwijzer.stookwijzerapi] Timeout getting Stookwijzer data
2025-11-19 15:33:00.050 ERROR (MainThread) [stookwijzer.stookwijzerapi] Property advies_0 not available
2025-11-19 15:34:31.049 ERROR (MainThread) [stookwijzer.stookwijzerapi] Timeout getting Stookwijzer data
2025-11-19 15:34:31.049 ERROR (MainThread) [stookwijzer.stookwijzerapi] Property advies_0 not available
2025-11-19 15:35:27.474 WARNING (MainThread) [homeassistant.components.rest.data] REST request to https://query1.finance.yahoo.com/v8/finance/chart/AAPL returned status 403 with text/html response: <!DOCTYPE html>
<html lang="zh">
<head>
    <meta charset="utf-8">
    <title>Yahoo</title>
    <meta name="viewport" content="width=device-width,initial-scale=1,minimal-ui">
    <meta http-equiv="X-UA-Compatible" content="IE=edge,chrome=1">
    <style>
html {
  height: 100%;
}
body {
  background: #fafafc url(https://s.yimg.com/nn/img/sad-panda-201402200631.png) 50% 50%;
  background-size: cover;
  height: 100%;
  text-align: center;
  font: 300 16px "helvetica neue", helvetica, verdana, tahoma...
2025-11-19 15:35:27.474 ERROR (MainThread) [homeassistant.helpers.template] Template variable error: 'value_json' is undefined when rendering '{{ value_json.chart.result[0].meta.regularMarketPrice }}'
2025-11-19 15:36:02.050 ERROR (MainThread) [stookwijzer.stookwijzerapi] Timeout getting Stookwijzer data
2025-11-19 15:36:02.050 ERROR (MainThread) [stookwijzer.stookwijzerapi] Property advies_0 not available
2025-11-19 15:37:33.049 ERROR (MainThread) [stookwijzer.stookwijzerapi] Timeout getting Stookwijzer data
2025-11-19 15:37:33.049 ERROR (MainThread) [stookwijzer.stookwijzerapi] Property advies_0 not available
2025-11-19 15:39:04.050 ERROR (MainThread) [stookwijzer.stookwijzerapi] Timeout getting Stookwijzer data
2025-11-19 15:39:04.050 ERROR (MainThread) [stookwijzer.stookwijzerapi] Property advies_0 not available
2025-11-19 15:40:27.917 WARNING (MainThread) [homeassistant.components.rest.data] REST request to https://query1.finance.yahoo.com/v8/finance/chart/AAPL returned status 403 with text/html response: <!DOCTYPE html>
<html lang="zh">
<head>
    <meta charset="utf-8">
    <title>Yahoo</title>
    <meta name="viewport" content="width=device-width,initial-scale=1,minimal-ui">
    <meta http-equiv="X-UA-Compatible" content="IE=edge,chrome=1">
    <style>
html {
  height: 100%;
}
body {
  background: #fafafc url(https://s.yimg.com/nn/img/sad-panda-201402200631.png) 50% 50%;
  background-size: cover;
  height: 100%;
  text-align: center;
  font: 300 16px "helvetica neue", helvetica, verdana, tahoma...
2025-11-19 15:40:27.917 ERROR (MainThread) [homeassistant.helpers.template] Template variable error: 'value_json' is undefined when rendering '{{ value_json.chart.result[0].meta.regularMarketPrice }}'
2025-11-19 15:40:35.049 ERROR (MainThread) [stookwijzer.stookwijzerapi] Timeout getting Stookwijzer data
2025-11-19 15:40:35.049 ERROR (MainThread) [stookwijzer.stookwijzerapi] Property advies_0 not available
2025-11-19 15:42:06.049 ERROR (MainThread) [stookwijzer.stookwijzerapi] Timeout getting Stookwijzer data
2025-11-19 15:42:06.049 ERROR (MainThread) [stookwijzer.stookwijzerapi] Property advies_0 not available
2025-11-19 15:43:37.049 ERROR (MainThread) [stookwijzer.stookwijzerapi] Timeout getting Stookwijzer data
2025-11-19 15:43:37.049 ERROR (MainThread) [stookwijzer.stookwijzerapi] Property advies_0 not available
2025-11-19 15:45:08.050 ERROR (MainThread) [stookwijzer.stookwijzerapi] Timeout getting Stookwijzer data
2025-11-19 15:45:08.050 ERROR (MainThread) [stookwijzer.stookwijzerapi] Property advies_0 not available
2025-11-19 15:45:27.464 WARNING (MainThread) [homeassistant.components.rest.data] REST request to https://query1.finance.yahoo.com/v8/finance/chart/AAPL returned status 403 with text/html response: <!DOCTYPE html>
<html lang="zh">
<head>
    <meta charset="utf-8">
    <title>Yahoo</title>
    <meta name="viewport" content="width=device-width,initial-scale=1,minimal-ui">
    <meta http-equiv="X-UA-Compatible" content="IE=edge,chrome=1">
    <style>
html {
  height: 100%;
}
body {
  background: #fafafc url(https://s.yimg.com/nn/img/sad-panda-201402200631.png) 50% 50%;
  background-size: cover;
  height: 100%;
  text-align: center;
  font: 300 16px "helvetica neue", helvetica, verdana, tahoma...
2025-11-19 15:45:27.464 ERROR (MainThread) [homeassistant.helpers.template] Template variable error: 'value_json' is undefined when rendering '{{ value_json.chart.result[0].meta.regularMarketPrice }}'
2025-11-19 15:46:39.050 ERROR (MainThread) [stookwijzer.stookwijzerapi] Timeout getting Stookwijzer data
2025-11-19 15:46:39.050 ERROR (MainThread) [stookwijzer.stookwijzerapi] Property advies_0 not available
2025-11-19 15:48:10.049 ERROR (MainThread) [stookwijzer.stookwijzerapi] Timeout getting Stookwijzer data
2025-11-19 15:48:10.050 ERROR (MainThread) [stookwijzer.stookwijzerapi] Property advies_0 not available
2025-11-19 15:49:41.050 ERROR (MainThread) [stookwijzer.stookwijzerapi] Timeout getting Stookwijzer data
2025-11-19 15:49:41.050 ERROR (MainThread) [stookwijzer.stookwijzerapi] Property advies_0 not available
2025-11-19 15:50:27.503 WARNING (MainThread) [homeassistant.components.rest.data] REST request to https://query1.finance.yahoo.com/v8/finance/chart/AAPL returned status 403 with text/html response: <!DOCTYPE html>
<html lang="zh">
<head>
    <meta charset="utf-8">
    <title>Yahoo</title>
    <meta name="viewport" content="width=device-width,initial-scale=1,minimal-ui">
    <meta http-equiv="X-UA-Compatible" content="IE=edge,chrome=1">
    <style>
html {
  height: 100%;
}
body {
  background: #fafafc url(https://s.yimg.com/nn/img/sad-panda-201402200631.png) 50% 50%;
  background-size: cover;
  height: 100%;
  text-align: center;
  font: 300 16px "helvetica neue", helvetica, verdana, tahoma...
2025-11-19 15:50:27.503 ERROR (MainThread) [homeassistant.helpers.template] Template variable error: 'value_json' is undefined when rendering '{{ value_json.chart.result[0].meta.regularMarketPrice }}'
2025-11-19 15:51:12.049 ERROR (MainThread) [stookwijzer.stookwijzerapi] Timeout getting Stookwijzer data
2025-11-19 15:51:12.049 ERROR (MainThread) [stookwijzer.stookwijzerapi] Property advies_0 not available
2025-11-19 15:52:43.049 ERROR (MainThread) [stookwijzer.stookwijzerapi] Timeout getting Stookwijzer data
2025-11-19 15:52:43.049 ERROR (MainThread) [stookwijzer.stookwijzerapi] Property advies_0 not available
2025-11-19 15:54:14.049 ERROR (MainThread) [stookwijzer.stookwijzerapi] Timeout getting Stookwijzer data
2025-11-19 15:54:14.049 ERROR (MainThread) [stookwijzer.stookwijzerapi] Property advies_0 not available
2025-11-19 15:55:28.485 WARNING (MainThread) [homeassistant.components.rest.data] REST request to https://query1.finance.yahoo.com/v8/finance/chart/AAPL returned status 403 with text/html response: <!DOCTYPE html>
<html lang="zh">
<head>
    <meta charset="utf-8">
    <title>Yahoo</title>
    <meta name="viewport" content="width=device-width,initial-scale=1,minimal-ui">
    <meta http-equiv="X-UA-Compatible" content="IE=edge,chrome=1">
    <style>
html {
  height: 100%;
}
body {
  background: #fafafc url(https://s.yimg.com/nn/img/sad-panda-201402200631.png) 50% 50%;
  background-size: cover;
  height: 100%;
  text-align: center;
  font: 300 16px "helvetica neue", helvetica, verdana, tahoma...
2025-11-19 15:55:28.485 ERROR (MainThread) [homeassistant.helpers.template] Template variable error: 'value_json' is undefined when rendering '{{ value_json.chart.result[0].meta.regularMarketPrice }}'
2025-11-19 15:55:45.050 ERROR (MainThread) [stookwijzer.stookwijzerapi] Timeout getting Stookwijzer data
2025-11-19 15:55:45.050 ERROR (MainThread) [stookwijzer.stookwijzerapi] Property advies_0 not available
